# JRE version: Java(TM) SE Runtime Environment (8.0_73-b02) (build 1.8.0_73-b02)
# Java VM: Java HotSpot(TM) 64-Bit Server VM (25.73-b02 mixed mode windows-amd64 compressed oops)
Heap:
 PSYoungGen      total 187392K, used 91094K [0x00000000eab00000, 0x00000000f7f80000, 0x0000000100000000)
  eden space 158208K, 45% used [0x00000000eab00000,0x00000000ef2020b8,0x00000000f4580000)
  from space 29184K, 62% used [0x00000000f6300000,0x00000000f74f3a88,0x00000000f7f80000)
  to   space 29696K, 0% used [0x00000000f4580000,0x00000000f4580000,0x00000000f6280000)
 ParOldGen       total 101376K, used 62076K [0x00000000c0000000, 0x00000000c6300000, 0x00000000eab00000)
  object space 101376K, 61% used [0x00000000c0000000,0x00000000c3c9f168,0x00000000c6300000)
 Metaspace       used 65390K, capacity 71270K, committed 71552K, reserved 1112064K
  class space    used 8425K, capacity 9071K, committed 9088K, reserved 1048576K
GC Heap History (10 events):
Event: 28723.190 GC heap before
{Heap before GC invocations=116 (full 26):
 PSYoungGen      total 168448K, used 160256K [0x00000000eab00000, 0x00000000f6180000, 0x0000000100000000)
  eden space 160256K, 100% used [0x00000000eab00000,0x00000000f4780000,0x00000000f4780000)
  from space 8192K, 0% used [0x00000000f4780000,0x00000000f4780000,0x00000000f4f80000)
  to   space 13312K, 0% used [0x00000000f5480000,0x00000000f5480000,0x00000000f6180000)
 ParOldGen       total 101376K, used 39725K [0x00000000c0000000, 0x00000000c6300000, 0x00000000eab00000)
  object space 101376K, 39% used [0x00000000c0000000,0x00000000c26cb7e0,0x00000000c6300000)
 Metaspace       used 61501K, capacity 67338K, committed 67584K, reserved 1107968K
  class space    used 7999K, capacity 8577K, committed 8704K, reserved 1048576K
Event: 28723.198 GC heap after
Heap after GC invocations=116 (full 26):
 PSYoungGen      total 173056K, used 9754K [0x00000000eab00000, 0x00000000f6300000, 0x0000000100000000)
  eden space 159744K, 0% used [0x00000000eab00000,0x00000000eab00000,0x00000000f4700000)
  from space 13312K, 73% used [0x00000000f5480000,0x00000000f5e06968,0x00000000f6180000)
  to   space 13824K, 0% used [0x00000000f4700000,0x00000000f4700000,0x00000000f5480000)
 ParOldGen       total 101376K, used 39725K [0x00000000c0000000, 0x00000000c6300000, 0x00000000eab00000)
  object space 101376K, 39% used [0x00000000c0000000,0x00000000c26cb7e0,0x00000000c6300000)
 Metaspace       used 61501K, capacity 67338K, committed 67584K, reserved 1107968K
  class space    used 7999K, capacity 8577K, committed 8704K, reserved 1048576K
}
Event: 28728.790 GC heap before
{Heap before GC invocations=117 (full 26):
 PSYoungGen      total 173056K, used 169498K [0x00000000eab00000, 0x00000000f6300000, 0x0000000100000000)
  eden space 159744K, 100% used [0x00000000eab00000,0x00000000f4700000,0x00000000f4700000)
  from space 13312K, 73% used [0x00000000f5480000,0x00000000f5e06968,0x00000000f6180000)
  to   space 13824K, 0% used [0x00000000f4700000,0x00000000f4700000,0x00000000f5480000)
 ParOldGen       total 101376K, used 39725K [0x00000000c0000000, 0x00000000c6300000, 0x00000000eab00000)
  object space 101376K, 39% used [0x00000000c0000000,0x00000000c26cb7e0,0x00000000c6300000)
 Metaspace       used 64229K, capacity 70126K, committed 70528K, reserved 1110016K
  class space    used 8320K, capacity 8967K, committed 9088K, reserved 1048576K
Event: 28728.806 GC heap after
Heap after GC invocations=117 (full 26):
 PSYoungGen      total 173568K, used 13802K [0x00000000eab00000, 0x00000000f6980000, 0x0000000100000000)
  eden space 159744K, 0% used [0x00000000eab00000,0x00000000eab00000,0x00000000f4700000)
  from space 13824K, 99% used [0x00000000f4700000,0x00000000f547abd8,0x00000000f5480000)
  to   space 16896K, 0% used [0x00000000f5900000,0x00000000f5900000,0x00000000f6980000)
 ParOldGen       total 101376K, used 42635K [0x00000000c0000000, 0x00000000c6300000, 0x00000000eab00000)
  object space 101376K, 42% used [0x00000000c0000000,0x00000000c29a2e58,0x00000000c6300000)
 Metaspace       used 64229K, capacity 70126K, committed 70528K, reserved 1110016K
  class space    used 8320K, capacity 8967K, committed 9088K, reserved 1048576K
}
Event: 28731.954 GC heap before
{Heap before GC invocations=118 (full 26):
 PSYoungGen      total 173568K, used 173546K [0x00000000eab00000, 0x00000000f6980000, 0x0000000100000000)
  eden space 159744K, 100% used [0x00000000eab00000,0x00000000f4700000,0x00000000f4700000)
  from space 13824K, 99% used [0x00000000f4700000,0x00000000f547abd8,0x00000000f5480000)
  to   space 16896K, 0% used [0x00000000f5900000,0x00000000f5900000,0x00000000f6980000)
 ParOldGen       total 101376K, used 42635K [0x00000000c0000000, 0x00000000c6300000, 0x00000000eab00000)
  object space 101376K, 42% used [0x00000000c0000000,0x00000000c29a2e58,0x00000000c6300000)
 Metaspace       used 65228K, capacity 71118K, committed 71296K, reserved 1112064K
  class space    used 8415K, capacity 9063K, committed 9088K, reserved 1048576K
Event: 28732.009 GC heap after
Heap after GC invocations=118 (full 26):
 PSYoungGen      total 168960K, used 16873K [0x00000000eab00000, 0x00000000f7f80000, 0x0000000100000000)
  eden space 152064K, 0% used [0x00000000eab00000,0x00000000eab00000,0x00000000f3f80000)
  from space 16896K, 99% used [0x00000000f5900000,0x00000000f697a7b0,0x00000000f6980000)
  to   space 26112K, 0% used [0x00000000f3f80000,0x00000000f3f80000,0x00000000f5900000)
 ParOldGen       total 101376K, used 62076K [0x00000000c0000000, 0x00000000c6300000, 0x00000000eab00000)
  object space 101376K, 61% used [0x00000000c0000000,0x00000000c3c9f168,0x00000000c6300000)
 Metaspace       used 65228K, capacity 71118K, committed 71296K, reserved 1112064K
  class space    used 8415K, capacity 9063K, committed 9088K, reserved 1048576K
}
Event: 28733.404 GC heap before
{Heap before GC invocations=119 (full 26):
 PSYoungGen      total 168960K, used 168937K [0x00000000eab00000, 0x00000000f7f80000, 0x0000000100000000)
  eden space 152064K, 100% used [0x00000000eab00000,0x00000000f3f80000,0x00000000f3f80000)
  from space 16896K, 99% used [0x00000000f5900000,0x00000000f697a7b0,0x00000000f6980000)
  to   space 26112K, 0% used [0x00000000f3f80000,0x00000000f3f80000,0x00000000f5900000)
 ParOldGen       total 101376K, used 62076K [0x00000000c0000000, 0x00000000c6300000, 0x00000000eab00000)
  object space 101376K, 61% used [0x00000000c0000000,0x00000000c3c9f168,0x00000000c6300000)
 Metaspace       used 65256K, capacity 71118K, committed 71296K, reserved 1112064K
  class space    used 8416K, capacity 9063K, committed 9088K, reserved 1048576K
Event: 28733.422 GC heap after
Heap after GC invocations=119 (full 26):
 PSYoungGen      total 178176K, used 23203K [0x00000000eab00000, 0x00000000f7f80000, 0x0000000100000000)
  eden space 152064K, 0% used [0x00000000eab00000,0x00000000eab00000,0x00000000f3f80000)
  from space 26112K, 88% used [0x00000000f3f80000,0x00000000f5628ff8,0x00000000f5900000)
  to   space 29184K, 0% used [0x00000000f6300000,0x00000000f6300000,0x00000000f7f80000)
 ParOldGen       total 101376K, used 62076K [0x00000000c0000000, 0x00000000c6300000, 0x00000000eab00000)
  object space 101376K, 61% used [0x00000000c0000000,0x00000000c3c9f168,0x00000000c6300000)
 Metaspace       used 65256K, capacity 71118K, committed 71296K, reserved 1112064K
  class space    used 8416K, capacity 9063K, committed 9088K, reserved 1048576K
}
Event: 28742.943 GC heap before
{Heap before GC invocations=120 (full 26):
 PSYoungGen      total 178176K, used 175267K [0x00000000eab00000, 0x00000000f7f80000, 0x0000000100000000)
  eden space 152064K, 100% used [0x00000000eab00000,0x00000000f3f80000,0x00000000f3f80000)
  from space 26112K, 88% used [0x00000000f3f80000,0x00000000f5628ff8,0x00000000f5900000)
  to   space 29184K, 0% used [0x00000000f6300000,0x00000000f6300000,0x00000000f7f80000)
 ParOldGen       total 101376K, used 62076K [0x00000000c0000000, 0x00000000c6300000, 0x00000000eab00000)
  object space 101376K, 61% used [0x00000000c0000000,0x00000000c3c9f168,0x00000000c6300000)
 Metaspace       used 65296K, capacity 71206K, committed 71296K, reserved 1112064K
  class space    used 8424K, capacity 9071K, committed 9088K, reserved 1048576K
Event: 28742.973 GC heap after
Heap after GC invocations=120 (full 26):
 PSYoungGen      total 187392K, used 18382K [0x00000000eab00000, 0x00000000f7f80000, 0x0000000100000000)
  eden space 158208K, 0% used [0x00000000eab00000,0x00000000eab00000,0x00000000f4580000)
  from space 29184K, 62% used [0x00000000f6300000,0x00000000f74f3a88,0x00000000f7f80000)
  to   space 29696K, 0% used [0x00000000f4580000,0x00000000f4580000,0x00000000f6280000)
 ParOldGen       total 101376K, used 62076K [0x00000000c0000000, 0x00000000c6300000, 0x00000000eab00000)
  object space 101376K, 61% used [0x00000000c0000000,0x00000000c3c9f168,0x00000000c6300000)
 Metaspace       used 65296K, capacity 71206K, committed 71296K, reserved 1112064K
  class space    used 8424K, capacity 9071K, committed 9088K, reserved 1048576K
}

