# JRE version: Java(TM) SE Runtime Environment (8.0_73-b02) (build 1.8.0_73-b02)
# Java VM: Java HotSpot(TM) 64-Bit Server VM (25.73-b02 mixed mode windows-amd64 compressed oops)
Heap:
 PSYoungGen      total 186368K, used 116736K [0x00000000eab00000, 0x0000000100000000, 0x0000000100000000)
  eden space 116736K, 100% used [0x00000000eab00000,0x00000000f1d00000,0x00000000f1d00000)
  from space 69632K, 0% used [0x00000000fbc00000,0x00000000fbc00000,0x0000000100000000)
  to   space 116224K, 3% used [0x00000000f1d00000,0x00000000f2170d30,0x00000000f8e80000)
 ParOldGen       total 242688K, used 137660K [0x00000000c0000000, 0x00000000ced00000, 0x00000000eab00000)
  object space 242688K, 56% used [0x00000000c0000000,0x00000000c866f368,0x00000000ced00000)
 Metaspace       used 6575K, capacity 7256K, committed 7424K, reserved 1056768K
  class space    used 624K, capacity 656K, committed 768K, reserved 1048576K
GC Heap History (10 events):
Event: 8.623 GC heap after
Heap after GC invocations=7 (full 1):
 PSYoungGen      total 247296K, used 28463K [0x00000000eab00000, 0x0000000100000000, 0x0000000100000000)
  eden space 209920K, 0% used [0x00000000eab00000,0x00000000eab00000,0x00000000f7800000)
  from space 37376K, 76% used [0x00000000fd380000,0x00000000fef4bc48,0x00000000ff800000)
  to   space 69632K, 0% used [0x00000000f7800000,0x00000000f7800000,0x00000000fbc00000)
 ParOldGen       total 98304K, used 97862K [0x00000000c0000000, 0x00000000c6000000, 0x00000000eab00000)
  object space 98304K, 99% used [0x00000000c0000000,0x00000000c5f91a70,0x00000000c6000000)
 Metaspace       used 6534K, capacity 7256K, committed 7424K, reserved 1056768K
  class space    used 623K, capacity 656K, committed 768K, reserved 1048576K
}
Event: 10.123 GC heap before
{Heap before GC invocations=8 (full 2):
 PSYoungGen      total 247296K, used 238383K [0x00000000eab00000, 0x0000000100000000, 0x0000000100000000)
  eden space 209920K, 100% used [0x00000000eab00000,0x00000000f7800000,0x00000000f7800000)
  from space 37376K, 76% used [0x00000000fd380000,0x00000000fef4bc48,0x00000000ff800000)
  to   space 69632K, 0% used [0x00000000f7800000,0x00000000f7800000,0x00000000fbc00000)
 ParOldGen       total 98304K, used 97862K [0x00000000c0000000, 0x00000000c6000000, 0x00000000eab00000)
  object space 98304K, 99% used [0x00000000c0000000,0x00000000c5f91a70,0x00000000c6000000)
 Metaspace       used 6557K, capacity 7256K, committed 7424K, reserved 1056768K
  class space    used 624K, capacity 656K, committed 768K, reserved 1048576K
Event: 11.844 GC heap after
Heap after GC invocations=8 (full 2):
 PSYoungGen      total 247296K, used 101715K [0x00000000eab00000, 0x0000000100000000, 0x0000000100000000)
  eden space 209920K, 48% used [0x00000000eab00000,0x00000000f0e54e30,0x00000000f7800000)
  from space 37376K, 0% used [0x00000000fd380000,0x00000000fd380000,0x00000000ff800000)
  to   space 69632K, 0% used [0x00000000f7800000,0x00000000f7800000,0x00000000fbc00000)
 ParOldGen       total 231936K, used 98237K [0x00000000c0000000, 0x00000000ce280000, 0x00000000eab00000)
  object space 231936K, 42% used [0x00000000c0000000,0x00000000c5fef600,0x00000000ce280000)
 Metaspace       used 6557K, capacity 7256K, committed 7424K, reserved 1056768K
  class space    used 624K, capacity 656K, committed 768K, reserved 1048576K
}
Event: 12.117 GC heap before
{Heap before GC invocations=9 (full 2):
 PSYoungGen      total 247296K, used 209920K [0x00000000eab00000, 0x0000000100000000, 0x0000000100000000)
  eden space 209920K, 100% used [0x00000000eab00000,0x00000000f7800000,0x00000000f7800000)
  from space 37376K, 0% used [0x00000000fd380000,0x00000000fd380000,0x00000000ff800000)
  to   space 69632K, 0% used [0x00000000f7800000,0x00000000f7800000,0x00000000fbc00000)
 ParOldGen       total 231936K, used 98237K [0x00000000c0000000, 0x00000000ce280000, 0x00000000eab00000)
  object space 231936K, 42% used [0x00000000c0000000,0x00000000c5fef600,0x00000000ce280000)
 Metaspace       used 6559K, capacity 7256K, committed 7424K, reserved 1056768K
  class space    used 624K, capacity 656K, committed 768K, reserved 1048576K
Event: 12.267 GC heap after
Heap after GC invocations=9 (full 2):
 PSYoungGen      total 279552K, used 69627K [0x00000000eab00000, 0x0000000100000000, 0x0000000100000000)
  eden space 209920K, 0% used [0x00000000eab00000,0x00000000eab00000,0x00000000f7800000)
  from space 69632K, 99% used [0x00000000f7800000,0x00000000fbbfed38,0x00000000fbc00000)
  to   space 69632K, 0% used [0x00000000fbc00000,0x00000000fbc00000,0x0000000100000000)
 ParOldGen       total 231936K, used 159330K [0x00000000c0000000, 0x00000000ce280000, 0x00000000eab00000)
  object space 231936K, 68% used [0x00000000c0000000,0x00000000c9b98820,0x00000000ce280000)
 Metaspace       used 6559K, capacity 7256K, committed 7424K, reserved 1056768K
  class space    used 624K, capacity 656K, committed 768K, reserved 1048576K
}
Event: 13.484 GC heap before
{Heap before GC invocations=10 (full 2):
 PSYoungGen      total 279552K, used 279547K [0x00000000eab00000, 0x0000000100000000, 0x0000000100000000)
  eden space 209920K, 100% used [0x00000000eab00000,0x00000000f7800000,0x00000000f7800000)
  from space 69632K, 99% used [0x00000000f7800000,0x00000000fbbfed38,0x00000000fbc00000)
  to   space 69632K, 0% used [0x00000000fbc00000,0x00000000fbc00000,0x0000000100000000)
 ParOldGen       total 231936K, used 159330K [0x00000000c0000000, 0x00000000ce280000, 0x00000000eab00000)
  object space 231936K, 68% used [0x00000000c0000000,0x00000000c9b98820,0x00000000ce280000)
 Metaspace       used 6574K, capacity 7256K, committed 7424K, reserved 1056768K
  class space    used 624K, capacity 656K, committed 768K, reserved 1048576K
Event: 13.722 GC heap after
Heap after GC invocations=10 (full 2):
 PSYoungGen      total 186368K, used 69614K [0x00000000eab00000, 0x0000000100000000, 0x0000000100000000)
  eden space 116736K, 0% used [0x00000000eab00000,0x00000000eab00000,0x00000000f1d00000)
  from space 69632K, 99% used [0x00000000fbc00000,0x00000000ffffbb38,0x0000000100000000)
  to   space 116224K, 0% used [0x00000000f1d00000,0x00000000f1d00000,0x00000000f8e80000)
 ParOldGen       total 242688K, used 242488K [0x00000000c0000000, 0x00000000ced00000, 0x00000000eab00000)
  object space 242688K, 99% used [0x00000000c0000000,0x00000000cecce138,0x00000000ced00000)
 Metaspace       used 6574K, capacity 7256K, committed 7424K, reserved 1056768K
  class space    used 624K, capacity 656K, committed 768K, reserved 1048576K
}
Event: 13.722 GC heap before
{Heap before GC invocations=11 (full 3):
 PSYoungGen      total 186368K, used 69614K [0x00000000eab00000, 0x0000000100000000, 0x0000000100000000)
  eden space 116736K, 0% used [0x00000000eab00000,0x00000000eab00000,0x00000000f1d00000)
  from space 69632K, 99% used [0x00000000fbc00000,0x00000000ffffbb38,0x0000000100000000)
  to   space 116224K, 0% used [0x00000000f1d00000,0x00000000f1d00000,0x00000000f8e80000)
 ParOldGen       total 242688K, used 242488K [0x00000000c0000000, 0x00000000ced00000, 0x00000000eab00000)
  object space 242688K, 99% used [0x00000000c0000000,0x00000000cecce138,0x00000000ced00000)
 Metaspace       used 6574K, capacity 7256K, committed 7424K, reserved 1056768K
  class space    used 624K, capacity 656K, committed 768K, reserved 1048576K
Event: 15.214 GC heap after
Heap after GC invocations=11 (full 3):
 PSYoungGen      total 186368K, used 0K [0x00000000eab00000, 0x0000000100000000, 0x0000000100000000)
  eden space 116736K, 0% used [0x00000000eab00000,0x00000000eab00000,0x00000000f1d00000)
  from space 69632K, 0% used [0x00000000fbc00000,0x00000000fbc00000,0x0000000100000000)
  to   space 116224K, 0% used [0x00000000f1d00000,0x00000000f1d00000,0x00000000f8e80000)
 ParOldGen       total 242688K, used 137660K [0x00000000c0000000, 0x00000000ced00000, 0x00000000eab00000)
  object space 242688K, 56% used [0x00000000c0000000,0x00000000c866f368,0x00000000ced00000)
 Metaspace       used 6574K, capacity 7256K, committed 7424K, reserved 1056768K
  class space    used 624K, capacity 656K, committed 768K, reserved 1048576K
}
Event: 15.840 GC heap before
{Heap before GC invocations=12 (full 3):
 PSYoungGen      total 186368K, used 116736K [0x00000000eab00000, 0x0000000100000000, 0x0000000100000000)
  eden space 116736K, 100% used [0x00000000eab00000,0x00000000f1d00000,0x00000000f1d00000)
  from space 69632K, 0% used [0x00000000fbc00000,0x00000000fbc00000,0x0000000100000000)
  to   space 116224K, 0% used [0x00000000f1d00000,0x00000000f1d00000,0x00000000f8e80000)
 ParOldGen       total 242688K, used 137660K [0x00000000c0000000, 0x00000000ced00000, 0x00000000eab00000)
  object space 242688K, 56% used [0x00000000c0000000,0x00000000c866f368,0x00000000ced00000)
 Metaspace       used 6575K, capacity 7256K, committed 7424K, reserved 1056768K
  class space    used 624K, capacity 656K, committed 768K, reserved 1048576K

