# JRE version: Java(TM) SE Runtime Environment (8.0_73-b02) (build 1.8.0_73-b02)
# Java VM: Java HotSpot(TM) 64-Bit Server VM (25.73-b02 mixed mode windows-amd64 compressed oops)
Heap:
 PSYoungGen      total 211456K, used 211451K [0x00000000eab00000, 0x0000000100000000, 0x0000000100000000)
  eden space 144384K, 100% used [0x00000000eab00000,0x00000000f3800000,0x00000000f3800000)
  from space 67072K, 99% used [0x00000000fbe80000,0x00000000ffffed28,0x0000000100000000)
  to   space 90112K, 55% used [0x00000000f5000000,0x00000000f80c02d0,0x00000000fa800000)
 ParOldGen       total 259584K, used 131569K [0x00000000c0000000, 0x00000000cfd80000, 0x00000000eab00000)
  object space 259584K, 50% used [0x00000000c0000000,0x00000000c807c578,0x00000000cfd80000)
 Metaspace       used 6531K, capacity 7256K, committed 7424K, reserved 1056768K
  class space    used 624K, capacity 656K, committed 768K, reserved 1048576K
GC Heap History (10 events):
Event: 6.720 GC heap after
Heap after GC invocations=6 (full 0):
 PSYoungGen      total 143872K, used 16891K [0x00000000eab00000, 0x00000000f5a00000, 0x0000000100000000)
  eden space 126976K, 0% used [0x00000000eab00000,0x00000000eab00000,0x00000000f2700000)
  from space 16896K, 99% used [0x00000000f3d80000,0x00000000f4dfed38,0x00000000f4e00000)
  to   space 23040K, 0% used [0x00000000f2700000,0x00000000f2700000,0x00000000f3d80000)
 ParOldGen       total 87552K, used 26747K [0x00000000c0000000, 0x00000000c5580000, 0x00000000eab00000)
  object space 87552K, 30% used [0x00000000c0000000,0x00000000c1a1ef80,0x00000000c5580000)
 Metaspace       used 6520K, capacity 7256K, committed 7424K, reserved 1056768K
  class space    used 623K, capacity 656K, committed 768K, reserved 1048576K
}
Event: 8.753 GC heap before
{Heap before GC invocations=7 (full 0):
 PSYoungGen      total 143872K, used 143867K [0x00000000eab00000, 0x00000000f5a00000, 0x0000000100000000)
  eden space 126976K, 100% used [0x00000000eab00000,0x00000000f2700000,0x00000000f2700000)
  from space 16896K, 99% used [0x00000000f3d80000,0x00000000f4dfed38,0x00000000f4e00000)
  to   space 23040K, 0% used [0x00000000f2700000,0x00000000f2700000,0x00000000f3d80000)
 ParOldGen       total 87552K, used 26747K [0x00000000c0000000, 0x00000000c5580000, 0x00000000eab00000)
  object space 87552K, 30% used [0x00000000c0000000,0x00000000c1a1ef80,0x00000000c5580000)
 Metaspace       used 6521K, capacity 7256K, committed 7424K, reserved 1056768K
  class space    used 623K, capacity 656K, committed 768K, reserved 1048576K
Event: 8.985 GC heap after
Heap after GC invocations=7 (full 0):
 PSYoungGen      total 150016K, used 23009K [0x00000000eab00000, 0x0000000100000000, 0x0000000100000000)
  eden space 126976K, 0% used [0x00000000eab00000,0x00000000eab00000,0x00000000f2700000)
  from space 23040K, 99% used [0x00000000f2700000,0x00000000f3d785c8,0x00000000f3d80000)
  to   space 67072K, 0% used [0x00000000fbe80000,0x00000000fbe80000,0x0000000100000000)
 ParOldGen       total 106496K, used 106298K [0x00000000c0000000, 0x00000000c6800000, 0x00000000eab00000)
  object space 106496K, 99% used [0x00000000c0000000,0x00000000c67ceac0,0x00000000c6800000)
 Metaspace       used 6521K, capacity 7256K, committed 7424K, reserved 1056768K
  class space    used 623K, capacity 656K, committed 768K, reserved 1048576K
}
Event: 8.985 GC heap before
{Heap before GC invocations=8 (full 1):
 PSYoungGen      total 150016K, used 23009K [0x00000000eab00000, 0x0000000100000000, 0x0000000100000000)
  eden space 126976K, 0% used [0x00000000eab00000,0x00000000eab00000,0x00000000f2700000)
  from space 23040K, 99% used [0x00000000f2700000,0x00000000f3d785c8,0x00000000f3d80000)
  to   space 67072K, 0% used [0x00000000fbe80000,0x00000000fbe80000,0x0000000100000000)
 ParOldGen       total 106496K, used 106298K [0x00000000c0000000, 0x00000000c6800000, 0x00000000eab00000)
  object space 106496K, 99% used [0x00000000c0000000,0x00000000c67ceac0,0x00000000c6800000)
 Metaspace       used 6521K, capacity 7256K, committed 7424K, reserved 1056768K
  class space    used 623K, capacity 656K, committed 768K, reserved 1048576K
Event: 10.612 GC heap after
Heap after GC invocations=8 (full 1):
 PSYoungGen      total 150016K, used 15624K [0x00000000eab00000, 0x0000000100000000, 0x0000000100000000)
  eden space 126976K, 0% used [0x00000000eab00000,0x00000000eab00000,0x00000000f2700000)
  from space 23040K, 67% used [0x00000000f2700000,0x00000000f3642028,0x00000000f3d80000)
  to   space 67072K, 0% used [0x00000000fbe80000,0x00000000fbe80000,0x0000000100000000)
 ParOldGen       total 106496K, used 106404K [0x00000000c0000000, 0x00000000c6800000, 0x00000000eab00000)
  object space 106496K, 99% used [0x00000000c0000000,0x00000000c67e90d8,0x00000000c6800000)
 Metaspace       used 6521K, capacity 7256K, committed 7424K, reserved 1056768K
  class space    used 623K, capacity 656K, committed 768K, reserved 1048576K
}
Event: 11.108 GC heap before
{Heap before GC invocations=9 (full 2):
 PSYoungGen      total 150016K, used 142600K [0x00000000eab00000, 0x0000000100000000, 0x0000000100000000)
  eden space 126976K, 100% used [0x00000000eab00000,0x00000000f2700000,0x00000000f2700000)
  from space 23040K, 67% used [0x00000000f2700000,0x00000000f3642028,0x00000000f3d80000)
  to   space 67072K, 0% used [0x00000000fbe80000,0x00000000fbe80000,0x0000000100000000)
 ParOldGen       total 106496K, used 106404K [0x00000000c0000000, 0x00000000c6800000, 0x00000000eab00000)
  object space 106496K, 99% used [0x00000000c0000000,0x00000000c67e90d8,0x00000000c6800000)
 Metaspace       used 6526K, capacity 7256K, committed 7424K, reserved 1056768K
  class space    used 623K, capacity 656K, committed 768K, reserved 1048576K
Event: 11.834 GC heap after
Heap after GC invocations=9 (full 2):
 PSYoungGen      total 150016K, used 74217K [0x00000000eab00000, 0x0000000100000000, 0x0000000100000000)
  eden space 126976K, 58% used [0x00000000eab00000,0x00000000ef37a438,0x00000000f2700000)
  from space 23040K, 0% used [0x00000000f2700000,0x00000000f2700000,0x00000000f3d80000)
  to   space 67072K, 0% used [0x00000000fbe80000,0x00000000fbe80000,0x0000000100000000)
 ParOldGen       total 259584K, used 106350K [0x00000000c0000000, 0x00000000cfd80000, 0x00000000eab00000)
  object space 259584K, 40% used [0x00000000c0000000,0x00000000c67db928,0x00000000cfd80000)
 Metaspace       used 6526K, capacity 7256K, committed 7424K, reserved 1056768K
  class space    used 623K, capacity 656K, committed 768K, reserved 1048576K
}
Event: 11.897 GC heap before
{Heap before GC invocations=10 (full 2):
 PSYoungGen      total 150016K, used 126976K [0x00000000eab00000, 0x0000000100000000, 0x0000000100000000)
  eden space 126976K, 100% used [0x00000000eab00000,0x00000000f2700000,0x00000000f2700000)
  from space 23040K, 0% used [0x00000000f2700000,0x00000000f2700000,0x00000000f3d80000)
  to   space 67072K, 0% used [0x00000000fbe80000,0x00000000fbe80000,0x0000000100000000)
 ParOldGen       total 259584K, used 106350K [0x00000000c0000000, 0x00000000cfd80000, 0x00000000eab00000)
  object space 259584K, 40% used [0x00000000c0000000,0x00000000c67db928,0x00000000cfd80000)
 Metaspace       used 6529K, capacity 7256K, committed 7424K, reserved 1056768K
  class space    used 624K, capacity 656K, committed 768K, reserved 1048576K
Event: 11.998 GC heap after
Heap after GC invocations=10 (full 2):
 PSYoungGen      total 211456K, used 67067K [0x00000000eab00000, 0x0000000100000000, 0x0000000100000000)
  eden space 144384K, 0% used [0x00000000eab00000,0x00000000eab00000,0x00000000f3800000)
  from space 67072K, 99% used [0x00000000fbe80000,0x00000000ffffed28,0x0000000100000000)
  to   space 90112K, 0% used [0x00000000f5000000,0x00000000f5000000,0x00000000fa800000)
 ParOldGen       total 259584K, used 127438K [0x00000000c0000000, 0x00000000cfd80000, 0x00000000eab00000)
  object space 259584K, 49% used [0x00000000c0000000,0x00000000c7c73928,0x00000000cfd80000)
 Metaspace       used 6529K, capacity 7256K, committed 7424K, reserved 1056768K
  class space    used 624K, capacity 656K, committed 768K, reserved 1048576K
}
Event: 12.515 GC heap before
{Heap before GC invocations=11 (full 2):
 PSYoungGen      total 211456K, used 211451K [0x00000000eab00000, 0x0000000100000000, 0x0000000100000000)
  eden space 144384K, 100% used [0x00000000eab00000,0x00000000f3800000,0x00000000f3800000)
  from space 67072K, 99% used [0x00000000fbe80000,0x00000000ffffed28,0x0000000100000000)
  to   space 90112K, 0% used [0x00000000f5000000,0x00000000f5000000,0x00000000fa800000)
 ParOldGen       total 259584K, used 127438K [0x00000000c0000000, 0x00000000cfd80000, 0x00000000eab00000)
  object space 259584K, 49% used [0x00000000c0000000,0x00000000c7c73928,0x00000000cfd80000)
 Metaspace       used 6531K, capacity 7256K, committed 7424K, reserved 1056768K
  class space    used 624K, capacity 656K, committed 768K, reserved 1048576K

