# JRE version: Java(TM) SE Runtime Environment (8.0_73-b02) (build 1.8.0_73-b02)
# Java VM: Java HotSpot(TM) 64-Bit Server VM (25.73-b02 mixed mode windows-amd64 compressed oops)
Heap:
 PSYoungGen      total 189952K, used 2161K [0x00000000eab00000, 0x0000000100000000, 0x0000000100000000)
  eden space 116736K, 1% used [0x00000000eab00000,0x00000000ead1c5d0,0x00000000f1d00000)
  from space 73216K, 0% used [0x00000000fb880000,0x00000000fb880000,0x0000000100000000)
  to   space 116224K, 0% used [0x00000000f1d00000,0x00000000f1d00000,0x00000000f8e80000)
 ParOldGen       total 236032K, used 88695K [0x00000000c0000000, 0x00000000ce680000, 0x00000000eab00000)
  object space 236032K, 37% used [0x00000000c0000000,0x00000000c569df70,0x00000000ce680000)
 Metaspace       used 6553K, capacity 7256K, committed 7424K, reserved 1056768K
  class space    used 624K, capacity 656K, committed 768K, reserved 1048576K
GC Heap History (10 events):
Event: 5.091 GC heap before
{Heap before GC invocations=6 (full 0):
 PSYoungGen      total 138240K, used 138208K [0x00000000eab00000, 0x00000000ff900000, 0x0000000100000000)
  eden space 133120K, 100% used [0x00000000eab00000,0x00000000f2d00000,0x00000000f2d00000)
  from space 5120K, 99% used [0x00000000f2d00000,0x00000000f31f8028,0x00000000f3200000)
  to   space 37888K, 0% used [0x00000000fd400000,0x00000000fd400000,0x00000000ff900000)
 ParOldGen       total 87552K, used 55762K [0x00000000c0000000, 0x00000000c5580000, 0x00000000eab00000)
  object space 87552K, 63% used [0x00000000c0000000,0x00000000c3674bc8,0x00000000c5580000)
 Metaspace       used 6526K, capacity 7256K, committed 7424K, reserved 1056768K
  class space    used 623K, capacity 656K, committed 768K, reserved 1048576K
Event: 5.191 GC heap after
Heap after GC invocations=6 (full 0):
 PSYoungGen      total 240640K, used 37879K [0x00000000eab00000, 0x0000000100000000, 0x0000000100000000)
  eden space 202752K, 0% used [0x00000000eab00000,0x00000000eab00000,0x00000000f7100000)
  from space 37888K, 99% used [0x00000000fd400000,0x00000000ff8fdd08,0x00000000ff900000)
  to   space 73216K, 0% used [0x00000000f7100000,0x00000000f7100000,0x00000000fb880000)
 ParOldGen       total 102912K, used 102552K [0x00000000c0000000, 0x00000000c6480000, 0x00000000eab00000)
  object space 102912K, 99% used [0x00000000c0000000,0x00000000c6426140,0x00000000c6480000)
 Metaspace       used 6526K, capacity 7256K, committed 7424K, reserved 1056768K
  class space    used 623K, capacity 656K, committed 768K, reserved 1048576K
}
Event: 5.192 GC heap before
{Heap before GC invocations=7 (full 1):
 PSYoungGen      total 240640K, used 37879K [0x00000000eab00000, 0x0000000100000000, 0x0000000100000000)
  eden space 202752K, 0% used [0x00000000eab00000,0x00000000eab00000,0x00000000f7100000)
  from space 37888K, 99% used [0x00000000fd400000,0x00000000ff8fdd08,0x00000000ff900000)
  to   space 73216K, 0% used [0x00000000f7100000,0x00000000f7100000,0x00000000fb880000)
 ParOldGen       total 102912K, used 102552K [0x00000000c0000000, 0x00000000c6480000, 0x00000000eab00000)
  object space 102912K, 99% used [0x00000000c0000000,0x00000000c6426140,0x00000000c6480000)
 Metaspace       used 6526K, capacity 7256K, committed 7424K, reserved 1056768K
  class space    used 623K, capacity 656K, committed 768K, reserved 1048576K
Event: 6.115 GC heap after
Heap after GC invocations=7 (full 1):
 PSYoungGen      total 240640K, used 27306K [0x00000000eab00000, 0x0000000100000000, 0x0000000100000000)
  eden space 202752K, 0% used [0x00000000eab00000,0x00000000eab00000,0x00000000f7100000)
  from space 37888K, 72% used [0x00000000fd400000,0x00000000feeaa828,0x00000000ff900000)
  to   space 73216K, 0% used [0x00000000f7100000,0x00000000f7100000,0x00000000fb880000)
 ParOldGen       total 204288K, used 102859K [0x00000000c0000000, 0x00000000cc780000, 0x00000000eab00000)
  object space 204288K, 50% used [0x00000000c0000000,0x00000000c6472c68,0x00000000cc780000)
 Metaspace       used 6526K, capacity 7256K, committed 7424K, reserved 1056768K
  class space    used 623K, capacity 656K, committed 768K, reserved 1048576K
}
Event: 6.938 GC heap before
{Heap before GC invocations=8 (full 1):
 PSYoungGen      total 240640K, used 230058K [0x00000000eab00000, 0x0000000100000000, 0x0000000100000000)
  eden space 202752K, 100% used [0x00000000eab00000,0x00000000f7100000,0x00000000f7100000)
  from space 37888K, 72% used [0x00000000fd400000,0x00000000feeaa828,0x00000000ff900000)
  to   space 73216K, 0% used [0x00000000f7100000,0x00000000f7100000,0x00000000fb880000)
 ParOldGen       total 204288K, used 102859K [0x00000000c0000000, 0x00000000cc780000, 0x00000000eab00000)
  object space 204288K, 50% used [0x00000000c0000000,0x00000000c6472c68,0x00000000cc780000)
 Metaspace       used 6537K, capacity 7256K, committed 7424K, reserved 1056768K
  class space    used 624K, capacity 656K, committed 768K, reserved 1048576K
Event: 7.133 GC heap after
Heap after GC invocations=8 (full 1):
 PSYoungGen      total 275968K, used 73186K [0x00000000eab00000, 0x0000000100000000, 0x0000000100000000)
  eden space 202752K, 0% used [0x00000000eab00000,0x00000000eab00000,0x00000000f7100000)
  from space 73216K, 99% used [0x00000000f7100000,0x00000000fb878a80,0x00000000fb880000)
  to   space 73216K, 0% used [0x00000000fb880000,0x00000000fb880000,0x0000000100000000)
 ParOldGen       total 204288K, used 138252K [0x00000000c0000000, 0x00000000cc780000, 0x00000000eab00000)
  object space 204288K, 67% used [0x00000000c0000000,0x00000000c8703220,0x00000000cc780000)
 Metaspace       used 6537K, capacity 7256K, committed 7424K, reserved 1056768K
  class space    used 624K, capacity 656K, committed 768K, reserved 1048576K
}
Event: 8.307 GC heap before
{Heap before GC invocations=9 (full 1):
 PSYoungGen      total 275968K, used 275938K [0x00000000eab00000, 0x0000000100000000, 0x0000000100000000)
  eden space 202752K, 100% used [0x00000000eab00000,0x00000000f7100000,0x00000000f7100000)
  from space 73216K, 99% used [0x00000000f7100000,0x00000000fb878a80,0x00000000fb880000)
  to   space 73216K, 0% used [0x00000000fb880000,0x00000000fb880000,0x0000000100000000)
 ParOldGen       total 204288K, used 138252K [0x00000000c0000000, 0x00000000cc780000, 0x00000000eab00000)
  object space 204288K, 67% used [0x00000000c0000000,0x00000000c8703220,0x00000000cc780000)
 Metaspace       used 6553K, capacity 7256K, committed 7424K, reserved 1056768K
  class space    used 624K, capacity 656K, committed 768K, reserved 1048576K
Event: 8.429 GC heap after
Heap after GC invocations=9 (full 1):
 PSYoungGen      total 189952K, used 73202K [0x00000000eab00000, 0x0000000100000000, 0x0000000100000000)
  eden space 116736K, 0% used [0x00000000eab00000,0x00000000eab00000,0x00000000f1d00000)
  from space 73216K, 99% used [0x00000000fb880000,0x00000000ffffcbb0,0x0000000100000000)
  to   space 116224K, 0% used [0x00000000f1d00000,0x00000000f1d00000,0x00000000f8e80000)
 ParOldGen       total 204288K, used 186325K [0x00000000c0000000, 0x00000000cc780000, 0x00000000eab00000)
  object space 204288K, 91% used [0x00000000c0000000,0x00000000cb5f5498,0x00000000cc780000)
 Metaspace       used 6553K, capacity 7256K, committed 7424K, reserved 1056768K
  class space    used 624K, capacity 656K, committed 768K, reserved 1048576K
}
Event: 8.429 GC heap before
{Heap before GC invocations=10 (full 2):
 PSYoungGen      total 189952K, used 73202K [0x00000000eab00000, 0x0000000100000000, 0x0000000100000000)
  eden space 116736K, 0% used [0x00000000eab00000,0x00000000eab00000,0x00000000f1d00000)
  from space 73216K, 99% used [0x00000000fb880000,0x00000000ffffcbb0,0x0000000100000000)
  to   space 116224K, 0% used [0x00000000f1d00000,0x00000000f1d00000,0x00000000f8e80000)
 ParOldGen       total 204288K, used 186325K [0x00000000c0000000, 0x00000000cc780000, 0x00000000eab00000)
  object space 204288K, 91% used [0x00000000c0000000,0x00000000cb5f5498,0x00000000cc780000)
 Metaspace       used 6553K, capacity 7256K, committed 7424K, reserved 1056768K
  class space    used 624K, capacity 656K, committed 768K, reserved 1048576K
Event: 8.954 GC heap after
Heap after GC invocations=10 (full 2):
 PSYoungGen      total 189952K, used 0K [0x00000000eab00000, 0x0000000100000000, 0x0000000100000000)
  eden space 116736K, 0% used [0x00000000eab00000,0x00000000eab00000,0x00000000f1d00000)
  from space 73216K, 0% used [0x00000000fb880000,0x00000000fb880000,0x0000000100000000)
  to   space 116224K, 0% used [0x00000000f1d00000,0x00000000f1d00000,0x00000000f8e80000)
 ParOldGen       total 236032K, used 88695K [0x00000000c0000000, 0x00000000ce680000, 0x00000000eab00000)
  object space 236032K, 37% used [0x00000000c0000000,0x00000000c569df70,0x00000000ce680000)
 Metaspace       used 6553K, capacity 7256K, committed 7424K, reserved 1056768K
  class space    used 624K, capacity 656K, committed 768K, reserved 1048576K
}

